  Assembling AddTwoSum_64.asm...
AddTwoSum_64.asm(11): error A2013: .MODEL must precede this directive
AddTwoSum_64.asm(12): error A2034: must be in segment block
AddTwoSum_64.asm(13): error A2034: must be in segment block
AddTwoSum_64.asm(14): error A2034: must be in segment block
AddTwoSum_64.asm(15): error A2034: must be in segment block
AddTwoSum_64.asm(16): error A2013: .MODEL must precede this directive
AddTwoSum_64.asm(17): error A2034: must be in segment block : main
AddTwoSum_64.asm(19): error A2034: must be in segment block
AddTwoSum_64.asm(20): error A2034: must be in segment block
AddTwoSum_64.asm(21): error A2034: must be in segment block
AddTwoSum_64.asm(22): error A2034: must be in segment block
AddTwoSum_64.asm(23): error A2034: must be in segment block
AddTwoSum_64.asm(24): error A2034: must be in segment block
AddTwoSum_64.asm(25): error A2034: must be in segment block
AddTwoSum_64.asm(26): error A2034: must be in segment block
AddTwoSum_64.asm(27): error A2034: must be in segment block
AddTwoSum_64.asm(28): error A2034: must be in segment block
AddTwoSum_64.asm(30): error A2034: must be in segment block
AddTwoSum_64.asm(31): error A2034: must be in segment block
AddTwoSum_64.asm(32): error A2034: must be in segment block
AddTwoSum_64.asm(34): error A2034: must be in segment block
AddTwoSum_64.asm(36): error A2034: must be in segment block
AddTwoSum_64.asm(37): error A2034: must be in segment block
AddTwoSum_64.asm(38): error A2034: must be in segment block
AddTwoSum_64.asm(39): error A2034: must be in segment block
AddTwoSum_64.asm(42): error A2034: must be in segment block
AddTwoSum_64.asm(43): fatal error A1010: unmatched block nesting : main
C:\Program Files\Microsoft Visual Studio\2022\Community\MSBuild\Microsoft\VC\v170\BuildCustomizations\masm.targets(70,5): error MSB3721: The command "ml.exe /c /nologo /Zi /Fo"Debug\AddTwoSum_64.obj" /W3 /errorReport:prompt  /TaAddTwoSum_64.asm" exited with code 1.
